0 info it worked if it ends with ok
1 verbose cli [ 'C:\\Program Files (x86)\\nodejs\\node.exe',
1 verbose cli   'C:\\Users\\puaykai\\AppData\\Roaming\\npm\\node_modules\\npm3\\node_modules\\npm\\cli.js',
1 verbose cli   'run',
1 verbose cli   'buildProd' ]
2 info using npm@3.8.9
3 info using node@v0.12.7
4 verbose stack Error: ENOENT, open 'D:\workspace-ggts-3.6.4.RELEASE\noodles\noodles\noodles\static\package.json'
4 verbose stack     at Error (native)
5 verbose cwd D:\workspace-ggts-3.6.4.RELEASE\noodles\noodles\noodles\static
6 error Windows_NT 6.3.9600
7 error argv "C:\\Program Files (x86)\\nodejs\\node.exe" "C:\\Users\\puaykai\\AppData\\Roaming\\npm\\node_modules\\npm3\\node_modules\\npm\\cli.js" "run" "buildProd"
8 error node v0.12.7
9 error npm  v3.8.9
10 error path D:\workspace-ggts-3.6.4.RELEASE\noodles\noodles\noodles\static\package.json
11 error code ENOENT
12 error errno -4058
13 error enoent ENOENT, open 'D:\workspace-ggts-3.6.4.RELEASE\noodles\noodles\noodles\static\package.json'
14 error enoent ENOENT, open 'D:\workspace-ggts-3.6.4.RELEASE\noodles\noodles\noodles\static\package.json'
14 error enoent This is most likely not a problem with npm itself
14 error enoent and is related to npm not being able to find a file.
15 verbose exit [ -4058, true ]
